"../../../Engine/Content/Functions/Engine_MaterialFunctions01/Shading/PowerToRoughness.uasset" 0
"../../../Engine/Content/Functions/Engine_MaterialFunctions01/Shading/ConvertFromDiffSpec.uasset" 1
"../../../Engine/Content/EngineMaterials/DefaultDiffuse.uasset" 2
"../../../Engine/Content/EngineMaterials/DefaultDeferredDecalMaterial.uasset" 3
"../../../Engine/Content/EngineMaterials/DefaultLightFunctionMaterial.uasset" 4
"../../../Engine/Content/Functions/Engine_MaterialFunctions02/Utility/BreakOutFloat2Components.uasset" 5
"../../../Engine/Content/EngineMaterials/DefaultPostProcessMaterial.uasset" 6
"../../../Engine/Content/EditorMaterials/Camera/CineMat.uasset" 7
"../../../Engine/Content/EditorMaterials/Camera/MI_CineMat_Rig.uasset" 8
"../../../Engine/Content/EditorMeshes/Camera/SM_CraneRig_Base.uasset" 9
"../../../Engine/Content/EditorMeshes/Camera/SM_CraneRig_Arm.uasset" 10
"../../../Engine/Content/EditorMeshes/Camera/SM_CraneRig_Mount.uasset" 11
"../../../Engine/Content/EditorMeshes/Camera/SM_CraneRig_Body.uasset" 12
"../../../Engine/Content/EditorMeshes/Camera/SM_RailRig_Track.uasset" 13
"../../../Engine/Content/EditorMeshes/Camera/SM_RailRig_Mount.uasset" 14
"../../../Engine/Content/EngineResources/AICON-Red.uasset" 15
"../../../Engine/Content/EngineResources/AICON-Green.uasset" 16
"../../../Engine/Content/EngineFonts/Roboto.uasset" 17
"../../../Engine/Content/EngineResources/DefaultTexture.uasset" 18
"../../../Engine/Content/Functions/Engine_MaterialFunctions01/Texturing/ScaleUVsByCenter.uasset" 19
"../../../Engine/Content/Functions/Engine_MaterialFunctions02/ScreenResolution.uasset" 20
"../../../Engine/Content/Functions/Engine_MaterialFunctions02/Texturing/ScreenAlignedUVs.uasset" 21
"../../../Engine/Content/EngineResources/WhiteSquareTexture.uasset" 22
"../../../Engine/Content/EngineMaterials/Widget3DPassThrough.uasset" 23
"../../../Engine/Content/EngineMaterials/Widget3DPassThrough_Translucent.uasset" 24
"../../../Engine/Content/EngineMaterials/Widget3DPassThrough_Translucent_OneSided.uasset" 25
"../../../Engine/Content/EngineMaterials/Widget3DPassThrough_Opaque.uasset" 26
"../../../Engine/Content/EngineMaterials/Widget3DPassThrough_Opaque_OneSided.uasset" 27
"../../../Engine/Content/EngineMaterials/Widget3DPassThrough_Masked.uasset" 28
"../../../Engine/Content/EngineMaterials/Widget3DPassThrough_Masked_OneSided.uasset" 29
"../../../Engine/Content/EditorResources/S_Actor.uasset" 30
"../../../Engine/Content/EditorMaterials/AssetViewer/EpicQuadPanorama_CC+EV1.uasset" 31
"../../../Engine/Content/EditorResources/RGBTable16x1_AssetViewer.uasset" 32
"../../../Engine/Content/Maps/Templates/Thumbnails/Default.uasset" 33
"../../../Engine/Content/Maps/Templates/Thumbnails/VR-Basic.uasset" 34
"../../../Engine/Content/EditorMaterials/ParticleSystems/PSysThumbnail_NoImage.uasset" 35
"../../../Engine/Content/EditorMaterials/ParticleSystems/PSysThumbnail_OOD.uasset" 36
"../../../Engine/Content/EditorLandscapeResources/DataLayer.uasset" 37
"../../../Engine/Content/EngineDamageTypes/DmgTypeBP_Environmental.uasset" 38
"../../../Engine/Content/EngineMeshes/Sphere.uasset" 39
"../../../Engine/Content/EngineFonts/RobotoDistanceField.uasset" 40
"../../../Engine/Content/EngineMaterials/DefaultTextMaterialOpaque.uasset" 41
"../../../Engine/Content/EditorResources/S_Trigger.uasset" 42
"../../../Engine/Content/EngineResources/GradientTexture0.uasset" 43
"../../../Engine/Content/EngineResources/Black.uasset" 44
"../../../Engine/Content/EditorMaterials/MatineeGroups/MAT_Groups_Float.uasset" 45
"../../../Engine/Content/EditorMaterials/MatineeGroups/MAT_Groups_Director.uasset" 46
"../../../Engine/Content/EditorMaterials/MatineeGroups/MAT_Groups_Event.uasset" 47
"../../../Engine/Content/EditorMaterials/MatineeGroups/MAT_Groups_Anim.uasset" 48
"../../../Engine/Content/EditorMaterials/MatineeGroups/MAT_Groups_Fade.uasset" 49
"../../../Engine/Content/EditorMaterials/MatineeGroups/MAT_Groups_Move.uasset" 50
"../../../Engine/Content/EditorMaterials/MatineeGroups/MAT_Groups_Slomo.uasset" 51
"../../../Engine/Content/EditorMaterials/MatineeGroups/MAT_ColorTrack.uasset" 52
"../../../Engine/Content/EditorMaterials/MAT_Groups_Toggle.uasset" 53
"../../../Engine/Content/EditorMaterials/MatineeGroups/MAT_Groups_AudioMaster.uasset" 54
"../../../Engine/Content/EditorMaterials/MatineeGroups/MAT_Groups_Sound.uasset" 55
"../../../Engine/Content/EditorMaterials/MatineeGroups/MAT_Groups_Vector.uasset" 56
"../../../Engine/Content/EditorMaterials/MAT_Groups_Visibility.uasset" 57
"../../../Engine/Content/EngineResources/DefaultTextureCube.uasset" 58
"../../../Engine/Content/Functions/Engine_MaterialFunctions01/Opacity/CameraDepthFade.uasset" 59
"../../../Engine/Content/EngineMaterials/T_Default_Material_Grid_M.uasset" 60
"../../../Engine/Content/EngineMaterials/T_Default_Material_Grid_N.uasset" 61
"../../../Engine/Content/EngineMaterials/DefaultMaterial.uasset" 62
"../../../Engine/Content/EngineMeshes/Cylinder.uasset" 63
"../../../Engine/Content/EngineTireTypes/DefaultTireType.uasset" 64
"../../../Engine/Content/VREditor/LaserPointer/VR_LaserPower_01.uasset" 65
"../../../Engine/Content/VREditor/TransformGizmo/TransformGizmoMaterial.uasset" 66
"../../../Engine/Content/VREditor/TransformGizmo/TranslucentTransformGizmoMaterial.uasset" 67
"../../../Engine/Content/VREditor/TransformGizmo/UniformScaleHandle.uasset" 68
"../../../Engine/Content/VREditor/TransformGizmo/TranslateHandleLong.uasset" 69
"../../../Engine/Content/VREditor/TransformGizmo/PlaneTranslationHandle.uasset" 70
"../../../Engine/Content/VREditor/TransformGizmo/RotationHandleFull.uasset" 71
"../../../Engine/Content/VREditor/TransformGizmo/StretchingHandle.uasset" 72
"../../../Engine/Content/VREditor/TransformGizmo/BoundingBoxCorner.uasset" 73
"../../../Engine/Content/VREditor/TransformGizmo/BoundingBoxEdge.uasset" 74
"../../../Engine/Content/VREditor/UI/SelectionBarMesh.uasset" 75
"../../../Engine/Content/VREditor/UI/CloseButtonMesh.uasset" 76
"../../../Engine/Content/VREditor/FloatingText/LineMaterial.uasset" 77
"../../../Engine/Content/VREditor/FloatingText/LineSegmentCylinder.uasset" 78
"../../../Engine/Content/VREditor/FloatingText/JointSphere.uasset" 79
"../../../Engine/Content/VREditor/Fonts/VRText_RobotoLarge.uasset" 80
"../../../Engine/Content/VREditor/Fonts/VRTextMaterial.uasset" 81
"../../../Engine/Content/VREditor/Fonts/TranslucentVRTextMaterial.uasset" 82
"../../../Engine/Content/VREditor/TransformGizmo/TranslationHandle.uasset" 83
"../../../Engine/Content/VREditor/TransformGizmo/RotationHandle.uasset" 84
"../../../Engine/Content/VREditor/Devices/Generic/GenericHMDMaterial.uasset" 85
"../../../Engine/Content/VREditor/Devices/Generic/GenericHMD.uasset" 86
"../../../Engine/Content/Functions/Engine_MaterialFunctions01/Gradient/RadialGradient.uasset" 87
"../../../Engine/Content/EditorLandscapeResources/FlattenHeightMat.uasset" 88
"../../../Engine/Content/VREditor/WorldMovementGrid/PlaneMesh.uasset" 89
"../../../Engine/Content/VREditor/WorldMovementGrid/SimpleGrid.uasset" 90
"../../../Engine/Content/VREditor/WorldMovementGrid/GridMaterial.uasset" 91
"../../../Engine/Content/VREditor/LaserPointer/LaserPointerMaterial.uasset" 92
"../../../Engine/Content/VREditor/LaserPointer/LaserPointerMaterialInst.uasset" 93
"../../../Engine/Content/VREditor/LaserPointer/TranslucentLaserPointerMaterialInst.uasset" 94
"../../../Engine/Content/VREditor/LaserPointer/LaserPointerMesh.uasset" 95
"../../../Engine/Content/Functions/Engine_MaterialFunctions01/Density/ExponentialDensity.uasset" 96
"../../../Engine/Content/VREditor/WorldMovementGrid/GridPostProcess.uasset" 97
"../../../Engine/Content/VREditor/Sounds/VR_teleport_Cue.uasset" 98
"../../../Engine/Content/VREditor/Sounds/VR_grab_Cue.uasset" 99
"../../../Engine/Content/Tutorial/ContentIntroCurve.uasset" 100
"../../../Engine/Plugins/2D/Paper2D/Content/PlaceholderTextures/DummySpriteTexture.uasset" 101
"../../../Engine/Plugins/2D/Paper2D/Content/DefaultSpriteMaterial.uasset" 102
"../../../Engine/Plugins/2D/Paper2D/Content/MaskedUnlitSpriteMaterial.uasset" 103
"../../../Engine/Plugins/2D/Paper2D/Content/OpaqueUnlitSpriteMaterial.uasset" 104
"../../../Engine/Plugins/2D/Paper2D/Content/DummySprite.uasset" 105
"../../../Engine/Plugins/2D/Paper2D/Content/DefaultPaperTerrainMaterial.uasset" 106
"../../../Engine/Content/EngineMaterials/RemoveSurfaceMaterial.uasset" 107
"../../../Engine/Content/EngineDebugMaterials/DebugMeshMaterial.uasset" 108
"../../../Engine/Content/EngineMaterials/InvalidLightmapSettings.uasset" 109
"../../../Engine/Content/EngineMaterials/M_InvalidLightmapSettings.uasset" 110
"../../../Engine/Content/EditorMaterials/GizmoMaterial.uasset" 111
"../../../Engine/Content/EngineMaterials/PhAT_JointLimitMaterial.uasset" 112
"../../../Engine/Content/EngineMaterials/DefaultBokeh.uasset" 113
"../../../Engine/Content/EngineMaterials/PreintegratedSkinBRDF.uasset" 114
"../../../Engine/Content/EngineMaterials/MiniFont.uasset" 115
"../../../Engine/Content/EngineMaterials/WeightMapPlaceholderTexture.uasset" 116
"../../../Engine/Content/EngineMaterials/DefaultWhiteGrid.uasset" 117
"../../../Engine/Content/EngineMaterials/DefaultPhysicalMaterial.uasset" 118
"../../../Engine/Content/EngineFonts/RobotoTiny.uasset" 119
"../../../Engine/Content/EditorSounds/Notifications/CompileSuccess.uasset" 120
"../../../Engine/Content/EditorSounds/Notifications/CompileStart_Cue.uasset" 121
"../../../Engine/Content/EditorSounds/Notifications/CompileSuccess_Cue.uasset" 122
"../../../Engine/Content/EditorSounds/Notifications/CompileFailed.uasset" 123
"../../../Engine/Content/EditorSounds/Notifications/CompileFailed_Cue.uasset" 124
"../../../Engine/Content/BasicShapes/Cylinder.uasset" 125
"../../../Engine/Content/BasicShapes/Cone.uasset" 126
"../../../Engine/Content/EditorResources/BSPVertex.uasset" 127
"../../../Engine/Content/EngineDebugMaterials/GeomMaterial.uasset" 128
"../../../Engine/Content/EngineDebugMaterials/HeatmapGradient.uasset" 129
"../../../Engine/Content/EngineDebugMaterials/BoneWeightMaterial.uasset" 130
"../../../Engine/Content/EditorMaterials/PreviewShadowIndicator.uasset" 131
"../../../Engine/Content/EditorMaterials/PreviewShadowIndicatorMaterial.uasset" 132
"../../../Engine/Content/EngineMaterials/EditorBrushMaterial.uasset" 133
"../../../Engine/Content/EditorMeshes/ColorCalibrator/M_ChromeBall.uasset" 134
"../../../Engine/Content/EditorMeshes/ColorCalibrator/M_ClearCoat.uasset" 135
"../../../Engine/Content/EditorMeshes/ColorCalibrator/M_ClearCoatBlack.uasset" 136
"../../../Engine/Content/EditorMeshes/ColorCalibrator/T_ColorGrid.uasset" 137
"../../../Engine/Content/EditorMeshes/ColorCalibrator/M_ColorGrid.uasset" 138
"../../../Engine/Content/EditorMeshes/ColorCalibrator/M_GreyBall.uasset" 139
"../../../Engine/Content/EditorMeshes/ColorCalibrator/SM_ColorCalibrator.uasset" 140
"../../../Engine/Content/MobileResources/HUD/VirtualJoystick_Background.uasset" 141
"../../../Engine/Content/MobileResources/HUD/VirtualJoystick_Thumb.uasset" 142
"../../../Engine/Content/MobileResources/HUD/DefaultVirtualJoysticks.uasset" 143
"../../../Engine/Content/Tutorial/BlueprintTutorials/TutorialAssets/Blueprint_64x.uasset" 144
"../../../Engine/Content/Tutorial/SubEditors/TutorialAssets/icon_Editor_Preferences_General_40x.uasset" 145
"../../../Engine/Content/Tutorial/Paper2D/TutorialAssets/Paper2DSprite_TutorialIcon.uasset" 146
"../../../Engine/Content/Tutorial/SubEditors/TutorialAssets/icon_ShowSkeletalMeshes_40x.uasset" 147
"../../../Engine/Content/Tutorial/Landscape/TutorialAssets/Landscape.uasset" 148
"../../../Engine/Content/Tutorial/Foliage/TutorialAssets/Foliage.uasset" 149
"../../../Engine/Content/Tutorial/Basics/TutorialAssets/icon_tab_Levels_40x.uasset" 150
"../../../Engine/Content/Tutorial/BlueprintTutorials/TutorialAssets/BlueprintMacroLibrary_64x.uasset" 151
"../../../Engine/Content/Tutorial/BlueprintTutorials/TutorialAssets/BlueprintInterface_64x.uasset" 152
"../../../Engine/Content/Tutorial/Paper2D/TutorialAssets/Paper2DFlipbook_TutorialIcon.uasset" 153
"../../../Engine/Content/MobileResources/HUD/T_Castle_ThumbstickInner.uasset" 154
"../../../Engine/Content/EditorResources/EmptyActor.uasset" 155
"../../../Engine/Content/MobileResources/HUD/MobileHUDDirectionPad3.uasset" 156
"../../../Engine/Content/EngineMeshes/Cube.uasset" 157
"../../../Engine/Content/Tutorial/BlueprintTutorials/TutorialAssets/Tutorial_BP_Interface.uasset" 158
"../../../Engine/Content/EngineMaterials/WorldGridMaterial.uasset" 159
"../../../Engine/Content/EditorMeshes/EditorCube.uasset" 160
"../../../Engine/Content/Tutorial/SubEditors/TutorialAssets/Tutorial_DM.uasset" 161
"../../../Engine/Content/Tutorial/SubEditors/TutorialAssets/TutorialMaterial.uasset" 162
"../../../Engine/Content/Tutorial/SubEditors/TutorialAssets/T_SmokeSubUV_8X8.uasset" 163
"../../../Engine/Content/Tutorial/SubEditors/TutorialAssets/T_soft_smoke.uasset" 164
"../../../Engine/Content/Tutorial/SubEditors/TutorialAssets/M_smoke_subUV_blackbody.uasset" 165
"../../../Engine/Content/Tutorial/SubEditors/TutorialAssets/TutorialParticleSystem.uasset" 166
"../../../Engine/Content/MobileResources/HUD/MobileHUDButtonFire.uasset" 167
"../../../Engine/Content/MobileResources/HUD/MobileHUDButton3.uasset" 168
"../../../Engine/Content/MobileResources/HUD/MobileHUDButton2_on.uasset" 169
"../../../Engine/Content/MobileResources/HUD/MobileHUDButton2_off.uasset" 170
"../../../Engine/Content/MobileResources/HUD/MobileHUDButton1_on.uasset" 171
"../../../Engine/Content/MobileResources/HUD/MobileHUDButton1_off.uasset" 172
"../../../Engine/Content/MobileResources/HUD/LeftVirtualJoystickOnly.uasset" 173
"../../../Engine/Content/MobileResources/HUD/AnalogHat.uasset" 174
"../../../Engine/Content/MobileResources/T_MobileMenu2.uasset" 175
"../../../Engine/Content/MobileResources/T_MobileControls_texture.uasset" 176
"../../../Engine/Content/EditorResources/AudioIcons/S_AudioComponent_AutoActivate.uasset" 177
"../../../Engine/Content/Functions/Engine_MaterialFunctions02/Texturing/ScreenAlignedPixelToPixelUVs.uasset" 178
"../../../Engine/Content/EngineMaterials/Good64x64TilingNoiseHighFreq.uasset" 179
"../../../Engine/Content/Functions/Engine_MaterialFunctions02/Utility/DitherTemporalAA.uasset" 180
"../../../GameRomeDeFrittur/Content/FranescoContent/Materials/LightParamtersCollection.uasset" 181
"../../../GameRomeDeFrittur/Content/FranescoContent/Materials/M_MasterShader.uasset" 182
"../../../GameRomeDeFrittur/Content/FranescoContent/Materials/M_Fence.uasset" 183
"../../../GameRomeDeFrittur/Content/Anna/Fence.uasset" 184
"../../../GameRomeDeFrittur/Content/FranescoContent/Materials/M_FireWood.uasset" 185
"../../../GameRomeDeFrittur/Content/FranescoContent/Meshes/M_FireWood.uasset" 186
"../../../GameRomeDeFrittur/Content/FranescoContent/Materials/M_FIreFLame.uasset" 187
"../../../GameRomeDeFrittur/Content/FranescoContent/Materials/M_MasterShaderParticle.uasset" 188
"../../../GameRomeDeFrittur/Content/FranescoContent/Materials/M_FireParticle.uasset" 189
"../../../GameRomeDeFrittur/Content/FranescoContent/Meshes/M_FireFlame.uasset" 190
"../../../GameRomeDeFrittur/Content/FranescoContent/Meshes/P_Flame.uasset" 191
"../../../GameRomeDeFrittur/Content/Snowbro/Obstacles/Obstacle.uasset" 192
"../../../GameRomeDeFrittur/Content/Snowbro/Obstacles/Obstacle_water.uasset" 193
"../../../GameRomeDeFrittur/Content/Snowbro/Obstacles/Obstacle_Fire.uasset" 194
"../../../GameRomeDeFrittur/Content/Snowbro/Obstacles/Obstacle_Earth.uasset" 195
"../../../GameRomeDeFrittur/Content/Snowbro/Materials/SImpleUnlit.uasset" 196
"../../../GameRomeDeFrittur/Content/Snowbro/Materials/RowSimple.uasset" 197
"../../../Engine/Content/BasicShapes/BasicShapeMaterial.uasset" 198
"../../../Engine/Content/BasicShapes/Cube.uasset" 199
"../../../GameRomeDeFrittur/Content/Snowbro/Square.uasset" 200
"../../../GameRomeDeFrittur/Content/Snowbro/Cube.uasset" 201
"../../../GameRomeDeFrittur/Content/FranescoContent/Materials/SImpleUnlit2.uasset" 202
"../../../GameRomeDeFrittur/Content/FranescoContent/Materials/M_WireFrameMAster.uasset" 203
"../../../GameRomeDeFrittur/Content/FranescoContent/Character/SKM_StickMan_Skeleton.uasset" 204
"../../../GameRomeDeFrittur/Content/FranescoContent/Character/ANM_Walk2.uasset" 205
"../../../GameRomeDeFrittur/Content/Emanuele/Suoni/fuocoR.uasset" 206
"../../../GameRomeDeFrittur/Content/Anna/Ramp.uasset" 207
"../../../GameRomeDeFrittur/Content/Anna/Material.uasset" 208
"../../../Engine/Content/MobileResources/HUD/MobileHUDDirectionStick.uasset" 209
"../../../Engine/Content/MobileResources/HUD/T_Castle_ThumbstickOutter.uasset" 210
"../../../Engine/Content/MobileResources/HUD/MobileHUDDirectionPad2.uasset" 211
"../../../Engine/Content/MobileResources/HUD/MobileHUDDirectionPad.uasset" 212
"../../../GameRomeDeFrittur/Content/Snowbro/seiunozozzone.uasset" 213
"../../../GameRomeDeFrittur/Content/Snowbro/MainMenu.uasset" 214
"../../../GameRomeDeFrittur/Content/Snowbro/MainMenuPawn.uasset" 215
"../../../GameRomeDeFrittur/Content/Snowbro/OffspringMode.uasset" 216
"../../../GameRomeDeFrittur/Content/FinalContent/Maps/FirstLevel.umap" 217
"../../../Engine/Content/EngineMaterials/DefaultNormal.uasset" 218
"../../../Engine/Content/Maps/Entry.umap" 219
"../../../GameRomeDeFrittur/Content/Snowbro/TurnActor.uasset" 220
"../../../Engine/Content/EditorBlueprintResources/StandardMacros.uasset" 221
"../../../GameRomeDeFrittur/Content/Snowbro/TurnCaller.uasset" 222
"../../../GameRomeDeFrittur/Content/Emanuele/Suoni/orologioR.uasset" 223
"../../../GameRomeDeFrittur/Content/Emanuele/Suoni/ostR.uasset" 224
"../../../GameRomeDeFrittur/Content/Snowbro/CameraMAn.uasset" 225
"../../../GameRomeDeFrittur/Content/FranescoContent/Character/ANM_Crying.uasset" 226
"../../../GameRomeDeFrittur/Content/FranescoContent/Character/ANM_Death.uasset" 227
"../../../GameRomeDeFrittur/Content/FranescoContent/Character/ANM_Idle.uasset" 228
"../../../GameRomeDeFrittur/Content/FranescoContent/Character/ANM_Jump.uasset" 229
"../../../GameRomeDeFrittur/Content/FranescoContent/Character/ANM_Walk.uasset" 230
"../../../GameRomeDeFrittur/Content/FranescoContent/Character/BP_StickManAnimation.uasset" 231
"../../../GameRomeDeFrittur/Content/Snowbro/GourmetLogSystem/LogText.uasset" 232
"../../../GameRomeDeFrittur/Content/Snowbro/GourmetLogSystem/LogHandler.uasset" 233
"../../../GameRomeDeFrittur/Content/Snowbro/SideTrigger.uasset" 234
"../../../GameRomeDeFrittur/Content/FranescoContent/Materials/M_Tombstone.uasset" 235
"../../../GameRomeDeFrittur/Content/Anna/Grave.uasset" 236
"../../../GameRomeDeFrittur/Content/Snowbro/Tomb.uasset" 237
"../../../GameRomeDeFrittur/Content/FranescoContent/Materials/MIC_CharacterBody.uasset" 238
"../../../GameRomeDeFrittur/Content/FranescoContent/Materials/MIC_CharacterShirt.uasset" 239
"../../../GameRomeDeFrittur/Content/Snowbro/Materials/CharacterSimple.uasset" 240
"../../../Engine/Content/BasicShapes/Sphere.uasset" 241
"../../../GameRomeDeFrittur/Content/Emanuele/Suoni/morteR.uasset" 242
"../../../GameRomeDeFrittur/Content/Emanuele/Suoni/spawnR.uasset" 243
"../../../GameRomeDeFrittur/Content/Emanuele/Suoni/tombaPresa.uasset" 244
"../../../GameRomeDeFrittur/Content/FranescoContent/Character/SKM_StickMan_PhysicsAsset.uasset" 245
"../../../GameRomeDeFrittur/Content/FranescoContent/Character/SKM_StickMan.uasset" 246
"../../../GameRomeDeFrittur/Content/Snowbro/Pedina.uasset" 247
"../../../GameRomeDeFrittur/Content/Snowbro/Controllino.uasset" 248
"../../../GameRomeDeFrittur/Content/FranescoContent/Materials/M_Floor.uasset" 249
"../../../GameRomeDeFrittur/Content/Anna/Tiles.uasset" 250
"../../../GameRomeDeFrittur/Content/Snowbro/RowSpawner.uasset" 251
"../../../GameRomeDeFrittur/Content/Snowbro/Prototype.umap" 252
"../../../Engine/Content/EngineSky/C_Sky_Cloud_Color.uasset" 253
"../../../Engine/Content/EngineSky/C_Sky_Horizon_Color.uasset" 254
"../../../Engine/Content/EngineSky/C_Sky_Zenith_Color.uasset" 255
"../../../Engine/Content/EngineSky/T_Sky_Blue.uasset" 256
"../../../Engine/Content/EngineSky/T_Sky_Clouds_M.uasset" 257
"../../../Engine/Content/EngineSky/T_Sky_Stars.uasset" 258
"../../../Engine/Content/EngineSky/M_Sky_Panning_Clouds2.uasset" 259
"../../../Engine/Content/EngineSky/SM_SkySphere.uasset" 260
"../../../Engine/Content/EngineSky/BP_Sky_Sphere.uasset" 261
"../../../GameRomeDeFrittur/Content/FranescoContent/Textures/postProcess.uasset" 262
"../../../GameRomeDeFrittur/Content/FranescoContent/Materials/SepiaPostProcess.uasset" 263
"../../../Engine/Content/MapTemplates/SM_Template_Map_Floor.uasset" 264
"../../../GameRomeDeFrittur/Content/FranescoContent/Meshes/M_FireObstacle.uasset" 265
"../../../GameRomeDeFrittur/Content/FranescoContent/Maps/TestingMAp.umap" 266
"../../../GameRomeDeFrittur/Content/FinalContent/Maps/Persistent.umap" 267
"../../../GameRomeDeFrittur/Content/FranescoContent/Blueprints/DirectionalLight.uasset" 268
"../../../GameRomeDeFrittur/Content/FinalContent/Maps/EnvironmentLevel.umap" 269
"../../../Engine/Content/Maps/Templates/Template_Default.umap" 270
